<?xml version="1.0" encoding="UTF-8"?>
<!-- Generated by org.testng.reporters.JUnitXMLReporter -->
<testsuite hostname="Jahongirs-MacBook-Pro.local" name="Validating HomePage" tests="4" failures="1" timestamp="5 Mar 2020 00:59:41 GMT" time="4.638" errors="0">
  <testcase name="launchBrowser_URL" time="3.461" classname="OLB.RubyOnRailsHomePage_TEST"/>
  <testcase name="validateSignIn" time="0.082" classname="OLB.RubyOnRailsHomePage_TEST"/>
  <testcase name="validateSignUp" time="0.11" classname="OLB.RubyOnRailsHomePage_TEST"/>
  <testcase name="validateRubyOnRailsText" time="0.032" classname="OLB.RubyOnRailsHomePage_TEST">
    <failure type="java.lang.AssertionError" message="expected [Ruby on Rails222] but found [Ruby on Rails]">
      <![CDATA[java.lang.AssertionError: expected [Ruby on Rails222] but found [Ruby on Rails]
	at OLB.RubyOnRailsHomePage_TEST.validateRubyOnRailsText(RubyOnRailsHomePage_TEST.java:49)
... Removed 29 stack frames]]>
    </failure>
  </testcase> <!-- validateRubyOnRailsText -->
</testsuite> <!-- Validating HomePage -->
