<?xml version="1.0" encoding="UTF-8"?>
<testng-results skipped="0" failed="1" total="4" passed="3">
  <reporter-output>
  </reporter-output>
  <suite name="Suite" duration-ms="4638" started-at="2020-03-05T00:59:31Z" finished-at="2020-03-05T00:59:36Z">
    <groups>
    </groups>
    <test name="Validating HomePage" duration-ms="4638" started-at="2020-03-05T00:59:31Z" finished-at="2020-03-05T00:59:36Z">
      <class name="OLB.RubyOnRailsHomePage_TEST">
        <test-method status="PASS" signature="launchBrowser_URL()[pri:0, instance:OLB.RubyOnRailsHomePage_TEST@7cc0cdad]" name="launchBrowser_URL" duration-ms="3461" started-at="2020-03-04T18:59:31Z" finished-at="2020-03-04T18:59:34Z">
          <reporter-output>
          </reporter-output>
        </test-method> <!-- launchBrowser_URL -->
        <test-method status="PASS" signature="validateSignIn()[pri:0, instance:OLB.RubyOnRailsHomePage_TEST@7cc0cdad]" name="validateSignIn" duration-ms="82" started-at="2020-03-04T18:59:34Z" finished-at="2020-03-04T18:59:35Z">
          <reporter-output>
          </reporter-output>
        </test-method> <!-- validateSignIn -->
        <test-method status="PASS" signature="validateSignUp()[pri:0, instance:OLB.RubyOnRailsHomePage_TEST@7cc0cdad]" name="validateSignUp" duration-ms="110" started-at="2020-03-04T18:59:35Z" finished-at="2020-03-04T18:59:35Z">
          <reporter-output>
          </reporter-output>
        </test-method> <!-- validateSignUp -->
        <test-method status="FAIL" signature="validateRubyOnRailsText()[pri:0, instance:OLB.RubyOnRailsHomePage_TEST@7cc0cdad]" name="validateRubyOnRailsText" duration-ms="32" started-at="2020-03-04T18:59:35Z" finished-at="2020-03-04T18:59:35Z">
          <exception class="java.lang.AssertionError">
            <message>
              <![CDATA[expected [Ruby on Rails222] but found [Ruby on Rails]]]>
            </message>
            <full-stacktrace>
              <![CDATA[java.lang.AssertionError: expected [Ruby on Rails222] but found [Ruby on Rails]
	at org.testng.Assert.fail(Assert.java:94)
	at org.testng.Assert.failNotEquals(Assert.java:494)
	at org.testng.Assert.assertEquals(Assert.java:123)
	at org.testng.Assert.assertEquals(Assert.java:176)
	at org.testng.Assert.assertEquals(Assert.java:186)
	at OLB.RubyOnRailsHomePage_TEST.validateRubyOnRailsText(RubyOnRailsHomePage_TEST.java:49)
	at sun.reflect.NativeMethodAccessorImpl.invoke0(Native Method)
	at sun.reflect.NativeMethodAccessorImpl.invoke(NativeMethodAccessorImpl.java:62)
	at sun.reflect.DelegatingMethodAccessorImpl.invoke(DelegatingMethodAccessorImpl.java:43)
	at java.lang.reflect.Method.invoke(Method.java:498)
	at org.testng.internal.MethodInvocationHelper.invokeMethod(MethodInvocationHelper.java:80)
	at org.testng.internal.Invoker.invokeMethod(Invoker.java:714)
	at org.testng.internal.Invoker.invokeTestMethod(Invoker.java:901)
	at org.testng.internal.Invoker.invokeTestMethods(Invoker.java:1231)
	at org.testng.internal.TestMethodWorker.invokeTestMethods(TestMethodWorker.java:127)
	at org.testng.internal.TestMethodWorker.run(TestMethodWorker.java:111)
	at org.testng.TestRunner.privateRun(TestRunner.java:767)
	at org.testng.TestRunner.run(TestRunner.java:617)
	at org.testng.SuiteRunner.runTest(SuiteRunner.java:334)
	at org.testng.SuiteRunner.runSequentially(SuiteRunner.java:329)
	at org.testng.SuiteRunner.privateRun(SuiteRunner.java:291)
	at org.testng.SuiteRunner.run(SuiteRunner.java:240)
	at org.testng.SuiteRunnerWorker.runSuite(SuiteRunnerWorker.java:52)
	at org.testng.SuiteRunnerWorker.run(SuiteRunnerWorker.java:86)
	at org.testng.TestNG.runSuitesSequentially(TestNG.java:1198)
	at org.testng.TestNG.runSuitesLocally(TestNG.java:1123)
	at org.testng.TestNG.run(TestNG.java:1031)
	at org.testng.remote.AbstractRemoteTestNG.run(AbstractRemoteTestNG.java:115)
	at org.testng.remote.RemoteTestNG.initAndRun(RemoteTestNG.java:251)
	at org.testng.remote.RemoteTestNG.main(RemoteTestNG.java:77)
]]>
            </full-stacktrace>
          </exception> <!-- java.lang.AssertionError -->
          <reporter-output>
          </reporter-output>
        </test-method> <!-- validateRubyOnRailsText -->
        <test-method status="PASS" signature="closeBrowser()[pri:0, instance:OLB.RubyOnRailsHomePage_TEST@7cc0cdad]" name="closeBrowser" is-config="true" duration-ms="0" started-at="2020-03-04T18:59:36Z" finished-at="2020-03-04T18:59:36Z">
          <reporter-output>
          </reporter-output>
        </test-method> <!-- closeBrowser -->
      </class> <!-- OLB.RubyOnRailsHomePage_TEST -->
    </test> <!-- Validating HomePage -->
  </suite> <!-- Suite -->
</testng-results>
